Using pre-set license
Built from '2020.3/staging' branch; Version is '2020.3.4f1 (0abb6314276a) revision 703331'; Using compiler version '192528614'; Build Type 'Release'
OS: 'Windows 10 Home; OS build 19043.1110; Version 2009; 64bit' Language: 'ko' Physical Memory: 16196 MB
BatchMode: 1, IsHumanControllingUs: 0, StartBugReporterOnCrash: 0, Is64bit: 1, IsPro: 0

 COMMAND LINE ARGUMENTS:
C:\Program Files\Unity\Hub\Editor\2020.3.4f1\Editor\Unity.exe
-adb2
-batchMode
-noUpm
-name
AssetImportWorker0
-projectPath
C:/developer/unityws/lecture/unity/Lecture-UnityMMORPG1
-logFile
Logs/AssetImportWorker0.log
-srvPort
10806
Successfully changed project path to: C:/developer/unityws/lecture/unity/Lecture-UnityMMORPG1
C:/developer/unityws/lecture/unity/Lecture-UnityMMORPG1
Using Asset Import Pipeline V2.
Refreshing native plugins compatible for Editor in 45.71 ms, found 0 plugins.
Preloading 0 native plugins for Editor in 0.00 ms.
Initialize engine version: 2020.3.4f1 (0abb6314276a)
[Subsystems] Discovering subsystems at path C:/Program Files/Unity/Hub/Editor/2020.3.4f1/Editor/Data/Resources/UnitySubsystems
[Subsystems] Discovering subsystems at path C:/developer/unityws/lecture/unity/Lecture-UnityMMORPG1/Assets
GfxDevice: creating device client; threaded=0
Direct3D:
    Version:  Direct3D 11.0 [level 11.0]
    Renderer: NVIDIA GeForce GTX 960M (ID=0x139b)
    Vendor:   
    VRAM:     2017 MB
    Driver:   23.21.13.8927
Initialize mono
Mono path[0] = 'C:/Program Files/Unity/Hub/Editor/2020.3.4f1/Editor/Data/Managed'
Mono path[1] = 'C:/Program Files/Unity/Hub/Editor/2020.3.4f1/Editor/Data/MonoBleedingEdge/lib/mono/unityjit'
Mono config path = 'C:/Program Files/Unity/Hub/Editor/2020.3.4f1/Editor/Data/MonoBleedingEdge/etc'
Using monoOptions --debugger-agent=transport=dt_socket,embedding=1,server=y,suspend=n,address=127.0.0.1:56776
Begin MonoManager ReloadAssembly
Registering precompiled unity dll's ...
Register platform support module: C:/Program Files/Unity/Hub/Editor/2020.3.4f1/Editor/Data/PlaybackEngines/WebGLSupport/UnityEditor.WebGL.Extensions.dll
Register platform support module: C:/Program Files/Unity/Hub/Editor/2020.3.4f1/Editor/Data/PlaybackEngines/WindowsStandaloneSupport/UnityEditor.WindowsStandalone.Extensions.dll
Registered in 0.005591 seconds.
Native extension for WindowsStandalone target not found
Native extension for WebGL target not found
Refreshing native plugins compatible for Editor in 43.18 ms, found 0 plugins.
Preloading 0 native plugins for Editor in 0.00 ms.
Mono: successfully reloaded assembly
- Completed reload, in  2.055 seconds
Platform modules already initialized, skipping
Registering precompiled user dll's ...
Registered in 0.001550 seconds.
Begin MonoManager ReloadAssembly
Native extension for WindowsStandalone target not found
Native extension for WebGL target not found
Refreshing native plugins compatible for Editor in 0.29 ms, found 0 plugins.
Preloading 0 native plugins for Editor in 0.00 ms.
Mono: successfully reloaded assembly
- Completed reload, in  1.339 seconds
Platform modules already initialized, skipping
========================================================================
Worker process is ready to serve import requests
Launched and connected shader compiler UnityShaderCompiler.exe after 0.11 seconds
Refreshing native plugins compatible for Editor in 0.29 ms, found 0 plugins.
Preloading 0 native plugins for Editor in 0.00 ms.
Unloading 1182 Unused Serialized files (Serialized files now loaded: 0)
System memory in use before: 64.6 MB.
System memory in use after: 64.6 MB.

Unloading 10 unused Assets to reduce memory usage. Loaded Objects now: 1629.
Total: 2.282500 ms (FindLiveObjects: 0.281500 ms CreateObjectMapping: 0.071900 ms MarkObjects: 1.813300 ms  DeleteObjects: 0.113600 ms)

========================================================================
Received Import Request.
  path: Assets/Scripts/Scenes
  artifactKey: Guid(248b87348b7b6cd4fadabdb4a8d5f835) Importer(815301076,1909f56bfc062723c751e8b465ee728b)
Start importing Assets/Scripts/Scenes using Guid(248b87348b7b6cd4fadabdb4a8d5f835) Importer(815301076,1909f56bfc062723c751e8b465ee728b)  -> (artifact id: '69d79d4eb664b3c0f486e10e1d5d4b6b') in 0.006171 seconds
  Import took 0.009965 seconds .

========================================================================
Received Import Request.
  Time since last request: 4.450048 seconds.
  path: Assets/Scripts/Scenes/BaseScene.cs
  artifactKey: Guid(5eab115115067e64c9cde31e3a29eefa) Importer(815301076,1909f56bfc062723c751e8b465ee728b)
Start importing Assets/Scripts/Scenes/BaseScene.cs using Guid(5eab115115067e64c9cde31e3a29eefa) Importer(815301076,1909f56bfc062723c751e8b465ee728b)  -> (artifact id: 'd42f9804ab113bf58548b32ce8275089') in 0.045484 seconds
  Import took 0.050761 seconds .

========================================================================
Received Prepare
Registering precompiled user dll's ...
Registered in 0.001040 seconds.
Begin MonoManager ReloadAssembly
Native extension for WindowsStandalone target not found
Native extension for WebGL target not found
Refreshing native plugins compatible for Editor in 0.34 ms, found 0 plugins.
Preloading 0 native plugins for Editor in 0.00 ms.
Mono: successfully reloaded assembly
- Completed reload, in  1.408 seconds
Platform modules already initialized, skipping
Refreshing native plugins compatible for Editor in 0.37 ms, found 0 plugins.
Preloading 0 native plugins for Editor in 0.00 ms.
Unloading 1167 Unused Serialized files (Serialized files now loaded: 0)
System memory in use before: 63.4 MB.
System memory in use after: 63.5 MB.

Unloading 5 unused Assets to reduce memory usage. Loaded Objects now: 1633.
Total: 3.199300 ms (FindLiveObjects: 0.262900 ms CreateObjectMapping: 0.112200 ms MarkObjects: 2.747800 ms  DeleteObjects: 0.074500 ms)

========================================================================
Received Prepare
Registering precompiled user dll's ...
Registered in 0.001665 seconds.
Begin MonoManager ReloadAssembly
Native extension for WindowsStandalone target not found
Native extension for WebGL target not found
Refreshing native plugins compatible for Editor in 0.56 ms, found 0 plugins.
Preloading 0 native plugins for Editor in 0.00 ms.
Mono: successfully reloaded assembly
- Completed reload, in  1.384 seconds
Platform modules already initialized, skipping
Refreshing native plugins compatible for Editor in 0.84 ms, found 0 plugins.
Preloading 0 native plugins for Editor in 0.00 ms.
Unloading 1167 Unused Serialized files (Serialized files now loaded: 0)
System memory in use before: 63.4 MB.
System memory in use after: 63.5 MB.

Unloading 5 unused Assets to reduce memory usage. Loaded Objects now: 1636.
Total: 2.244900 ms (FindLiveObjects: 0.337900 ms CreateObjectMapping: 0.102200 ms MarkObjects: 1.745000 ms  DeleteObjects: 0.057800 ms)

========================================================================
Received Import Request.
  Time since last request: 94.603333 seconds.
  path: Assets/Scripts/Scenes/BaseScene.cs
  artifactKey: Guid(5eab115115067e64c9cde31e3a29eefa) Importer(815301076,1909f56bfc062723c751e8b465ee728b)
Start importing Assets/Scripts/Scenes/BaseScene.cs using Guid(5eab115115067e64c9cde31e3a29eefa) Importer(815301076,1909f56bfc062723c751e8b465ee728b)  -> (artifact id: 'bb79923d7c54a17b2989b229f8ecbdf2') in 0.005318 seconds
  Import took 0.008575 seconds .

========================================================================
Received Import Request.
  Time since last request: 28.650454 seconds.
  path: Assets/Scenes/SampleScene.unity
  artifactKey: Guid(9fc0d4010bbf28b4594072e72b8655ab) Importer(815301076,1909f56bfc062723c751e8b465ee728b)
Start importing Assets/Scenes/SampleScene.unity using Guid(9fc0d4010bbf28b4594072e72b8655ab) Importer(815301076,1909f56bfc062723c751e8b465ee728b)  -> (artifact id: '5fc51171b577b123f3a1221a933e2f4b') in 0.018003 seconds
  Import took 0.020994 seconds .

========================================================================
Received Prepare
Registering precompiled user dll's ...
Registered in 0.001138 seconds.
Begin MonoManager ReloadAssembly
Native extension for WindowsStandalone target not found
Native extension for WebGL target not found
Refreshing native plugins compatible for Editor in 0.26 ms, found 0 plugins.
Preloading 0 native plugins for Editor in 0.00 ms.
Mono: successfully reloaded assembly
- Completed reload, in  1.354 seconds
Platform modules already initialized, skipping
Refreshing native plugins compatible for Editor in 0.34 ms, found 0 plugins.
Preloading 0 native plugins for Editor in 0.00 ms.
Unloading 1167 Unused Serialized files (Serialized files now loaded: 0)
System memory in use before: 63.5 MB.
System memory in use after: 63.5 MB.

Unloading 5 unused Assets to reduce memory usage. Loaded Objects now: 1639.
Total: 2.322100 ms (FindLiveObjects: 0.189800 ms CreateObjectMapping: 0.057500 ms MarkObjects: 2.015000 ms  DeleteObjects: 0.058400 ms)

========================================================================
Received Import Request.
  Time since last request: 29.051310 seconds.
  path: Assets/Scripts/UI/Scenes
  artifactKey: Guid(4f25e874a9e1d2e4e93bcbde8df879c7) Importer(815301076,1909f56bfc062723c751e8b465ee728b)
Start importing Assets/Scripts/UI/Scenes using Guid(4f25e874a9e1d2e4e93bcbde8df879c7) Importer(815301076,1909f56bfc062723c751e8b465ee728b)  -> (artifact id: '4e1afdbfdbbe2e5ac4be4d2f5ab0d540') in 0.006574 seconds
  Import took 0.009749 seconds .

========================================================================
Received Import Request.
  Time since last request: 11.351329 seconds.
  path: Assets/Scripts/Scenes/GameScene.cs
  artifactKey: Guid(8057d2162571498418c683cf7038d60b) Importer(815301076,1909f56bfc062723c751e8b465ee728b)
Start importing Assets/Scripts/Scenes/GameScene.cs using Guid(8057d2162571498418c683cf7038d60b) Importer(815301076,1909f56bfc062723c751e8b465ee728b)  -> (artifact id: '911e3213edc1b3d1f7d54ce5db4fdde0') in 0.006705 seconds
  Import took 0.010824 seconds .

========================================================================
Received Import Request.
  Time since last request: 0.002201 seconds.
  path: Assets/Scripts/Scenes/GameScene.cs
  artifactKey: Guid(8057d2162571498418c683cf7038d60b) Importer(815301076,1909f56bfc062723c751e8b465ee728b)
Start importing Assets/Scripts/Scenes/GameScene.cs using Guid(8057d2162571498418c683cf7038d60b) Importer(815301076,1909f56bfc062723c751e8b465ee728b)  -> (artifact id: '911e3213edc1b3d1f7d54ce5db4fdde0') in 0.004291 seconds
  Import took 0.007807 seconds .

========================================================================
Received Prepare
Registering precompiled user dll's ...
Registered in 0.001894 seconds.
Begin MonoManager ReloadAssembly
Native extension for WindowsStandalone target not found
Native extension for WebGL target not found
Refreshing native plugins compatible for Editor in 0.37 ms, found 0 plugins.
Preloading 0 native plugins for Editor in 0.00 ms.
Mono: successfully reloaded assembly
- Completed reload, in  1.534 seconds
Platform modules already initialized, skipping
Refreshing native plugins compatible for Editor in 0.28 ms, found 0 plugins.
Preloading 0 native plugins for Editor in 0.00 ms.
Unloading 1168 Unused Serialized files (Serialized files now loaded: 0)
System memory in use before: 63.5 MB.
System memory in use after: 63.6 MB.

Unloading 5 unused Assets to reduce memory usage. Loaded Objects now: 1643.
Total: 2.762400 ms (FindLiveObjects: 0.209400 ms CreateObjectMapping: 0.080300 ms MarkObjects: 2.345700 ms  DeleteObjects: 0.123200 ms)

========================================================================
Received Prepare
Registering precompiled user dll's ...
Registered in 0.001915 seconds.
Begin MonoManager ReloadAssembly
Native extension for WindowsStandalone target not found
Native extension for WebGL target not found
Refreshing native plugins compatible for Editor in 0.39 ms, found 0 plugins.
Preloading 0 native plugins for Editor in 0.00 ms.
Mono: successfully reloaded assembly
- Completed reload, in  1.210 seconds
Platform modules already initialized, skipping
Refreshing native plugins compatible for Editor in 0.42 ms, found 0 plugins.
Preloading 0 native plugins for Editor in 0.00 ms.
Unloading 1168 Unused Serialized files (Serialized files now loaded: 0)
System memory in use before: 63.5 MB.
System memory in use after: 63.6 MB.

Unloading 5 unused Assets to reduce memory usage. Loaded Objects now: 1646.
Total: 2.951600 ms (FindLiveObjects: 0.409200 ms CreateObjectMapping: 0.047200 ms MarkObjects: 2.420000 ms  DeleteObjects: 0.073700 ms)

========================================================================
Received Import Request.
  Time since last request: 174.092826 seconds.
  path: Assets/Scripts/Scenes/GameScene.cs
  artifactKey: Guid(8057d2162571498418c683cf7038d60b) Importer(815301076,1909f56bfc062723c751e8b465ee728b)
Start importing Assets/Scripts/Scenes/GameScene.cs using Guid(8057d2162571498418c683cf7038d60b) Importer(815301076,1909f56bfc062723c751e8b465ee728b)  -> (artifact id: '454673b21d3d133af11f2d67e0ae8c8b') in 0.007121 seconds
  Import took 0.011300 seconds .

========================================================================
Received Prepare
Registering precompiled user dll's ...
Registered in 0.001387 seconds.
Begin MonoManager ReloadAssembly
Native extension for WindowsStandalone target not found
Native extension for WebGL target not found
Refreshing native plugins compatible for Editor in 0.32 ms, found 0 plugins.
Preloading 0 native plugins for Editor in 0.00 ms.
Mono: successfully reloaded assembly
- Completed reload, in  1.242 seconds
Platform modules already initialized, skipping
Refreshing native plugins compatible for Editor in 0.31 ms, found 0 plugins.
Preloading 0 native plugins for Editor in 0.00 ms.
Unloading 1168 Unused Serialized files (Serialized files now loaded: 0)
System memory in use before: 63.5 MB.
System memory in use after: 63.6 MB.

Unloading 5 unused Assets to reduce memory usage. Loaded Objects now: 1649.
Total: 4.640000 ms (FindLiveObjects: 0.402100 ms CreateObjectMapping: 0.114000 ms MarkObjects: 3.974400 ms  DeleteObjects: 0.147000 ms)

========================================================================
Received Import Request.
  Time since last request: 112.498167 seconds.
  path: Assets/Scenes/Login.unity
  artifactKey: Guid(421d697e36b14ef4cacd840fc4a22635) Importer(815301076,1909f56bfc062723c751e8b465ee728b)
Start importing Assets/Scenes/Login.unity using Guid(421d697e36b14ef4cacd840fc4a22635) Importer(815301076,1909f56bfc062723c751e8b465ee728b)  -> (artifact id: '2d0adc40d3dec12e9b0924f1fccfea91') in 0.016056 seconds
  Import took 0.019526 seconds .

========================================================================
Received Import Request.
  Time since last request: 0.634287 seconds.
  path: Assets/Scenes/Game.unity
  artifactKey: Guid(8f98685b7503b21448347fa5ddb670a0) Importer(815301076,1909f56bfc062723c751e8b465ee728b)
Start importing Assets/Scenes/Game.unity using Guid(8f98685b7503b21448347fa5ddb670a0) Importer(815301076,1909f56bfc062723c751e8b465ee728b)  -> (artifact id: 'e6ad2d263d60f290dc39be133f4f84a7') in 0.003723 seconds
  Import took 0.006891 seconds .

========================================================================
Received Import Request.
  Time since last request: 0.001810 seconds.
  path: Assets/Scenes/Game.unity
  artifactKey: Guid(8f98685b7503b21448347fa5ddb670a0) Importer(815301076,1909f56bfc062723c751e8b465ee728b)
Start importing Assets/Scenes/Game.unity using Guid(8f98685b7503b21448347fa5ddb670a0) Importer(815301076,1909f56bfc062723c751e8b465ee728b)  -> (artifact id: 'e6ad2d263d60f290dc39be133f4f84a7') in 0.004403 seconds
  Import took 0.007794 seconds .

========================================================================
Received Import Request.
  Time since last request: 3.365621 seconds.
  path: Assets/Resources/Prefabs/UI/EventSystem.prefab
  artifactKey: Guid(9f17c62bca49b124b93096ae47dc5234) Importer(815301076,1909f56bfc062723c751e8b465ee728b)
Start importing Assets/Resources/Prefabs/UI/EventSystem.prefab using Guid(9f17c62bca49b124b93096ae47dc5234) Importer(815301076,1909f56bfc062723c751e8b465ee728b)  -> (artifact id: 'c3c0c0962abc9e53de67f947232715ca') in 0.029626 seconds
  Import took 0.032970 seconds .

========================================================================
Received Import Request.
  Time since last request: 0.037338 seconds.
  path: Assets/Resources/Prefabs/UI/EventSystem.prefab
  artifactKey: Guid(9f17c62bca49b124b93096ae47dc5234) Importer(815301076,1909f56bfc062723c751e8b465ee728b)
Start importing Assets/Resources/Prefabs/UI/EventSystem.prefab using Guid(9f17c62bca49b124b93096ae47dc5234) Importer(815301076,1909f56bfc062723c751e8b465ee728b)  -> (artifact id: 'c3c0c0962abc9e53de67f947232715ca') in 0.007408 seconds
  Import took 0.010655 seconds .

========================================================================
Received Import Request.
  Time since last request: 6.618509 seconds.
  path: Assets/Resources/Prefabs/UI/EventSystem.prefab
  artifactKey: Guid(9f17c62bca49b124b93096ae47dc5234) Importer(815301076,1909f56bfc062723c751e8b465ee728b)
Start importing Assets/Resources/Prefabs/UI/EventSystem.prefab using Guid(9f17c62bca49b124b93096ae47dc5234) Importer(815301076,1909f56bfc062723c751e8b465ee728b)  -> (artifact id: '66a9570869855f7dae9f4eb1892566b2') in 0.005816 seconds
  Import took 0.009184 seconds .

========================================================================
Received Import Request.
  Time since last request: 0.005312 seconds.
  path: Assets/Resources/Prefabs/UI/EventSystem.prefab
  artifactKey: Guid(9f17c62bca49b124b93096ae47dc5234) Importer(815301076,1909f56bfc062723c751e8b465ee728b)
Start importing Assets/Resources/Prefabs/UI/EventSystem.prefab using Guid(9f17c62bca49b124b93096ae47dc5234) Importer(815301076,1909f56bfc062723c751e8b465ee728b)  -> (artifact id: '66a9570869855f7dae9f4eb1892566b2') in 0.005668 seconds
  Import took 0.009602 seconds .

========================================================================
Received Prepare
Registering precompiled user dll's ...
Registered in 0.001689 seconds.
Begin MonoManager ReloadAssembly
Native extension for WindowsStandalone target not found
Native extension for WebGL target not found
Refreshing native plugins compatible for Editor in 0.30 ms, found 0 plugins.
Preloading 0 native plugins for Editor in 0.00 ms.
Mono: successfully reloaded assembly
- Completed reload, in  1.358 seconds
Platform modules already initialized, skipping
Refreshing native plugins compatible for Editor in 0.30 ms, found 0 plugins.
Preloading 0 native plugins for Editor in 0.00 ms.
Unloading 1168 Unused Serialized files (Serialized files now loaded: 0)
System memory in use before: 63.5 MB.
System memory in use after: 63.6 MB.

Unloading 5 unused Assets to reduce memory usage. Loaded Objects now: 1652.
Total: 3.088300 ms (FindLiveObjects: 0.367100 ms CreateObjectMapping: 0.088700 ms MarkObjects: 2.521600 ms  DeleteObjects: 0.109400 ms)

========================================================================
Received Prepare
Registering precompiled user dll's ...
Registered in 0.001144 seconds.
Begin MonoManager ReloadAssembly
Native extension for WindowsStandalone target not found
Native extension for WebGL target not found
Refreshing native plugins compatible for Editor in 0.33 ms, found 0 plugins.
Preloading 0 native plugins for Editor in 0.00 ms.
Mono: successfully reloaded assembly
- Completed reload, in  1.335 seconds
Platform modules already initialized, skipping
Refreshing native plugins compatible for Editor in 0.32 ms, found 0 plugins.
Preloading 0 native plugins for Editor in 0.00 ms.
Unloading 1168 Unused Serialized files (Serialized files now loaded: 0)
System memory in use before: 63.5 MB.
System memory in use after: 63.6 MB.

Unloading 5 unused Assets to reduce memory usage. Loaded Objects now: 1655.
Total: 2.770100 ms (FindLiveObjects: 0.274800 ms CreateObjectMapping: 0.087800 ms MarkObjects: 2.056800 ms  DeleteObjects: 0.348700 ms)

========================================================================
Received Prepare
Registering precompiled user dll's ...
Registered in 0.001826 seconds.
Begin MonoManager ReloadAssembly
Native extension for WindowsStandalone target not found
Native extension for WebGL target not found
Refreshing native plugins compatible for Editor in 0.31 ms, found 0 plugins.
Preloading 0 native plugins for Editor in 0.00 ms.
Mono: successfully reloaded assembly
- Completed reload, in  1.295 seconds
Platform modules already initialized, skipping
Refreshing native plugins compatible for Editor in 0.31 ms, found 0 plugins.
Preloading 0 native plugins for Editor in 0.00 ms.
Unloading 1168 Unused Serialized files (Serialized files now loaded: 0)
System memory in use before: 63.5 MB.
System memory in use after: 63.6 MB.

Unloading 5 unused Assets to reduce memory usage. Loaded Objects now: 1658.
Total: 2.533500 ms (FindLiveObjects: 0.421200 ms CreateObjectMapping: 0.155100 ms MarkObjects: 1.889100 ms  DeleteObjects: 0.066500 ms)

========================================================================
Received Prepare
Registering precompiled user dll's ...
Registered in 0.001345 seconds.
Begin MonoManager ReloadAssembly
Native extension for WindowsStandalone target not found
Native extension for WebGL target not found
Refreshing native plugins compatible for Editor in 0.45 ms, found 0 plugins.
Preloading 0 native plugins for Editor in 0.00 ms.
Mono: successfully reloaded assembly
- Completed reload, in  1.249 seconds
Platform modules already initialized, skipping
Refreshing native plugins compatible for Editor in 0.31 ms, found 0 plugins.
Preloading 0 native plugins for Editor in 0.00 ms.
Unloading 1168 Unused Serialized files (Serialized files now loaded: 0)
System memory in use before: 63.5 MB.
System memory in use after: 63.6 MB.

Unloading 5 unused Assets to reduce memory usage. Loaded Objects now: 1661.
Total: 4.014200 ms (FindLiveObjects: 0.258400 ms CreateObjectMapping: 0.100700 ms MarkObjects: 3.525400 ms  DeleteObjects: 0.127300 ms)

========================================================================
Received Import Request.
  Time since last request: 250.310762 seconds.
  path: Assets/Scripts/Scenes/LoginScene.cs
  artifactKey: Guid(34aecf4208af7dd498cfafb37a670271) Importer(815301076,1909f56bfc062723c751e8b465ee728b)
Start importing Assets/Scripts/Scenes/LoginScene.cs using Guid(34aecf4208af7dd498cfafb37a670271) Importer(815301076,1909f56bfc062723c751e8b465ee728b)  -> (artifact id: 'f35ed579fb71d05b48839b903083cf34') in 0.009256 seconds
  Import took 0.013421 seconds .

========================================================================
Received Prepare
Registering precompiled user dll's ...
Registered in 0.001067 seconds.
Begin MonoManager ReloadAssembly
Native extension for WindowsStandalone target not found
Native extension for WebGL target not found
Refreshing native plugins compatible for Editor in 0.30 ms, found 0 plugins.
Preloading 0 native plugins for Editor in 0.00 ms.
Mono: successfully reloaded assembly
- Completed reload, in  1.472 seconds
Platform modules already initialized, skipping
Refreshing native plugins compatible for Editor in 0.36 ms, found 0 plugins.
Preloading 0 native plugins for Editor in 0.00 ms.
Unloading 1169 Unused Serialized files (Serialized files now loaded: 0)
System memory in use before: 63.6 MB.
System memory in use after: 63.6 MB.

Unloading 5 unused Assets to reduce memory usage. Loaded Objects now: 1665.
Total: 1.839100 ms (FindLiveObjects: 0.150500 ms CreateObjectMapping: 0.052900 ms MarkObjects: 1.566200 ms  DeleteObjects: 0.068300 ms)

========================================================================
Received Prepare
Registering precompiled user dll's ...
Registered in 0.001125 seconds.
Begin MonoManager ReloadAssembly
Native extension for WindowsStandalone target not found
Native extension for WebGL target not found
Refreshing native plugins compatible for Editor in 0.44 ms, found 0 plugins.
Preloading 0 native plugins for Editor in 0.00 ms.
Mono: successfully reloaded assembly
- Completed reload, in  1.263 seconds
Platform modules already initialized, skipping
Refreshing native plugins compatible for Editor in 0.37 ms, found 0 plugins.
Preloading 0 native plugins for Editor in 0.00 ms.
Unloading 1169 Unused Serialized files (Serialized files now loaded: 0)
System memory in use before: 63.6 MB.
System memory in use after: 63.6 MB.

Unloading 5 unused Assets to reduce memory usage. Loaded Objects now: 1668.
Total: 6.244800 ms (FindLiveObjects: 0.427000 ms CreateObjectMapping: 0.214200 ms MarkObjects: 5.478800 ms  DeleteObjects: 0.120400 ms)

========================================================================
Received Prepare
Registering precompiled user dll's ...
Registered in 0.001109 seconds.
Begin MonoManager ReloadAssembly
Native extension for WindowsStandalone target not found
Native extension for WebGL target not found
Refreshing native plugins compatible for Editor in 0.30 ms, found 0 plugins.
Preloading 0 native plugins for Editor in 0.00 ms.
Mono: successfully reloaded assembly
- Completed reload, in  1.207 seconds
Platform modules already initialized, skipping
Refreshing native plugins compatible for Editor in 0.33 ms, found 0 plugins.
Preloading 0 native plugins for Editor in 0.00 ms.
Unloading 1169 Unused Serialized files (Serialized files now loaded: 0)
System memory in use before: 63.6 MB.
System memory in use after: 63.7 MB.

Unloading 5 unused Assets to reduce memory usage. Loaded Objects now: 1671.
Total: 2.788800 ms (FindLiveObjects: 0.282200 ms CreateObjectMapping: 0.096600 ms MarkObjects: 2.335200 ms  DeleteObjects: 0.073000 ms)

========================================================================
Received Prepare
Registering precompiled user dll's ...
Registered in 0.002167 seconds.
Begin MonoManager ReloadAssembly
Native extension for WindowsStandalone target not found
Native extension for WebGL target not found
Refreshing native plugins compatible for Editor in 0.40 ms, found 0 plugins.
Preloading 0 native plugins for Editor in 0.00 ms.
Mono: successfully reloaded assembly
- Completed reload, in  1.604 seconds
Platform modules already initialized, skipping
Refreshing native plugins compatible for Editor in 0.43 ms, found 0 plugins.
Preloading 0 native plugins for Editor in 0.00 ms.
Unloading 1169 Unused Serialized files (Serialized files now loaded: 0)
System memory in use before: 63.6 MB.
System memory in use after: 63.7 MB.

Unloading 5 unused Assets to reduce memory usage. Loaded Objects now: 1674.
Total: 4.089500 ms (FindLiveObjects: 0.250800 ms CreateObjectMapping: 0.071700 ms MarkObjects: 3.663600 ms  DeleteObjects: 0.101700 ms)

========================================================================
Received Import Request.
  Time since last request: 293.223913 seconds.
  path: Assets/Scripts/Managers/SceneManagerEx.cs
  artifactKey: Guid(70a062a1f4287264ba873371d5ec8662) Importer(815301076,1909f56bfc062723c751e8b465ee728b)
Start importing Assets/Scripts/Managers/SceneManagerEx.cs using Guid(70a062a1f4287264ba873371d5ec8662) Importer(815301076,1909f56bfc062723c751e8b465ee728b)  -> (artifact id: '400ca10fe36b4fba359d06bf176ab82b') in 0.006957 seconds
  Import took 0.010617 seconds .

========================================================================
Received Import Request.
  Time since last request: 0.000742 seconds.
  path: Assets/Scripts/Managers/SceneManagerEx.cs
  artifactKey: Guid(70a062a1f4287264ba873371d5ec8662) Importer(815301076,1909f56bfc062723c751e8b465ee728b)
Start importing Assets/Scripts/Managers/SceneManagerEx.cs using Guid(70a062a1f4287264ba873371d5ec8662) Importer(815301076,1909f56bfc062723c751e8b465ee728b)  -> (artifact id: '400ca10fe36b4fba359d06bf176ab82b') in 0.003893 seconds
  Import took 0.008001 seconds .

========================================================================
Received Prepare
Registering precompiled user dll's ...
Registered in 0.001308 seconds.
Begin MonoManager ReloadAssembly
Native extension for WindowsStandalone target not found
Native extension for WebGL target not found
Refreshing native plugins compatible for Editor in 0.43 ms, found 0 plugins.
Preloading 0 native plugins for Editor in 0.00 ms.
Mono: successfully reloaded assembly
- Completed reload, in  1.600 seconds
Platform modules already initialized, skipping
Refreshing native plugins compatible for Editor in 0.32 ms, found 0 plugins.
Preloading 0 native plugins for Editor in 0.00 ms.
Unloading 1170 Unused Serialized files (Serialized files now loaded: 0)
System memory in use before: 63.6 MB.
System memory in use after: 63.7 MB.

Unloading 5 unused Assets to reduce memory usage. Loaded Objects now: 1678.
Total: 4.043600 ms (FindLiveObjects: 0.357700 ms CreateObjectMapping: 0.125800 ms MarkObjects: 3.312800 ms  DeleteObjects: 0.244400 ms)

========================================================================
Received Prepare
Registering precompiled user dll's ...
Registered in 0.001409 seconds.
Begin MonoManager ReloadAssembly
Native extension for WindowsStandalone target not found
Native extension for WebGL target not found
Refreshing native plugins compatible for Editor in 0.31 ms, found 0 plugins.
Preloading 0 native plugins for Editor in 0.00 ms.
Mono: successfully reloaded assembly
- Completed reload, in  1.191 seconds
Platform modules already initialized, skipping
Refreshing native plugins compatible for Editor in 0.30 ms, found 0 plugins.
Preloading 0 native plugins for Editor in 0.00 ms.
Unloading 1170 Unused Serialized files (Serialized files now loaded: 0)
System memory in use before: 63.6 MB.
System memory in use after: 63.7 MB.

Unloading 5 unused Assets to reduce memory usage. Loaded Objects now: 1681.
Total: 2.225200 ms (FindLiveObjects: 0.195600 ms CreateObjectMapping: 0.055700 ms MarkObjects: 1.864000 ms  DeleteObjects: 0.108300 ms)

========================================================================
Received Import Request.
  Time since last request: 227.073296 seconds.
  path: Assets/Scripts/Managers/SceneManagerEx.cs
  artifactKey: Guid(70a062a1f4287264ba873371d5ec8662) Importer(815301076,1909f56bfc062723c751e8b465ee728b)
Start importing Assets/Scripts/Managers/SceneManagerEx.cs using Guid(70a062a1f4287264ba873371d5ec8662) Importer(815301076,1909f56bfc062723c751e8b465ee728b)  -> (artifact id: '9743655b0d980599e366bbf85e92a590') in 0.004741 seconds
  Import took 0.007145 seconds .

========================================================================
Received Prepare
Registering precompiled user dll's ...
Registered in 0.001588 seconds.
Begin MonoManager ReloadAssembly
Native extension for WindowsStandalone target not found
Native extension for WebGL target not found
Refreshing native plugins compatible for Editor in 0.28 ms, found 0 plugins.
Preloading 0 native plugins for Editor in 0.00 ms.
Mono: successfully reloaded assembly
- Completed reload, in  1.177 seconds
Platform modules already initialized, skipping
Refreshing native plugins compatible for Editor in 0.34 ms, found 0 plugins.
Preloading 0 native plugins for Editor in 0.00 ms.
Unloading 1170 Unused Serialized files (Serialized files now loaded: 0)
System memory in use before: 63.6 MB.
System memory in use after: 63.7 MB.

Unloading 5 unused Assets to reduce memory usage. Loaded Objects now: 1684.
Total: 2.793800 ms (FindLiveObjects: 0.314700 ms CreateObjectMapping: 0.124100 ms MarkObjects: 2.243200 ms  DeleteObjects: 0.106900 ms)

========================================================================
Received Import Request.
  Time since last request: 133.581727 seconds.
  path: Assets/Scripts/Managers/SceneManagerEx.cs
  artifactKey: Guid(70a062a1f4287264ba873371d5ec8662) Importer(815301076,1909f56bfc062723c751e8b465ee728b)
Start importing Assets/Scripts/Managers/SceneManagerEx.cs using Guid(70a062a1f4287264ba873371d5ec8662) Importer(815301076,1909f56bfc062723c751e8b465ee728b)  -> (artifact id: '6c292460a7eaba742b4b566061058bed') in 0.006095 seconds
  Import took 0.010402 seconds .

========================================================================
Received Import Request.
  Time since last request: 0.006298 seconds.
  path: Assets/Scripts/Managers/SceneManagerEx.cs
  artifactKey: Guid(70a062a1f4287264ba873371d5ec8662) Importer(815301076,1909f56bfc062723c751e8b465ee728b)
Start importing Assets/Scripts/Managers/SceneManagerEx.cs using Guid(70a062a1f4287264ba873371d5ec8662) Importer(815301076,1909f56bfc062723c751e8b465ee728b)  -> (artifact id: '6c292460a7eaba742b4b566061058bed') in 0.003470 seconds
  Import took 0.007333 seconds .

========================================================================
Received Prepare
Registering precompiled user dll's ...
Registered in 0.001156 seconds.
Begin MonoManager ReloadAssembly
Native extension for WindowsStandalone target not found
Native extension for WebGL target not found
Refreshing native plugins compatible for Editor in 0.41 ms, found 0 plugins.
Preloading 0 native plugins for Editor in 0.00 ms.
Mono: successfully reloaded assembly
- Completed reload, in  1.266 seconds
Platform modules already initialized, skipping
Refreshing native plugins compatible for Editor in 0.46 ms, found 0 plugins.
Preloading 0 native plugins for Editor in 0.00 ms.
Unloading 1170 Unused Serialized files (Serialized files now loaded: 0)
System memory in use before: 63.6 MB.
System memory in use after: 63.7 MB.

Unloading 5 unused Assets to reduce memory usage. Loaded Objects now: 1687.
Total: 1.946900 ms (FindLiveObjects: 0.161500 ms CreateObjectMapping: 0.060900 ms MarkObjects: 1.657000 ms  DeleteObjects: 0.065900 ms)

AssetImportWorkerClient::OnTransportError - code=2 error=End of file
